<?xml version="1.0" encoding="UTF-8"?>
<!-- Generated by org.testng.reporters.JUnitReportReporter -->
<testsuite name="StepDefinitions.ResponseAssertionRunner" tests="3" time="1.310" ignored="0" failures="0" timestamp="26 Oct 2020 05:37:50 GMT" skipped="0" hostname="DESKTOP-7KT75FO" errors="0">
  <testcase name="validate_positive_response_code_received" time="0.050" classname="StepDefinitions.ResponseAssertionRunner"/>
  <testcase name="api_for_foreign_exchange" time="0.283" classname="StepDefinitions.ResponseAssertionRunner"/>
  <testcase name="posted_with_correct_information" time="0.977" classname="StepDefinitions.ResponseAssertionRunner"/>
</testsuite> <!-- StepDefinitions.ResponseAssertionRunner -->
